<?xml version="1.0" encoding="UTF-8"?>
<!-- Generated by org.testng.reporters.JUnitReportReporter -->
<testsuite hostname="Abhijith" failures="0" tests="1" name="demo.SampleTest" time="0.000" errors="0" timestamp="2025-02-14T19:47:46 IST" skipped="0">
  <testcase classname="demo.SampleTest" name="test" time="0.000"/>
  <system-out>
    <![CDATA[SampleTest executed]]>
  </system-out>
</testsuite> <!-- demo.SampleTest -->
