<?xml version="1.0" encoding="UTF-8"?>
<!-- Generated by org.testng.reporters.JUnitReportReporter -->
<testsuite hostname="Abhijith" failures="0" tests="1" name="bikes.HondaTest" time="4.629" errors="0" timestamp="2025-02-14T19:47:46 IST" skipped="0">
  <testcase classname="bikes.HondaTest" name="launch" time="4.629"/>
  <system-out>
    <![CDATA[HondaTest executed]]>
  </system-out>
</testsuite> <!-- bikes.HondaTest -->
