<?xml version="1.0" encoding="UTF-8"?>
<!-- Generated by org.testng.reporters.JUnitReportReporter -->
<testsuite hostname="Abhijith" failures="0" tests="1" name="bikes.YamahaTest" time="6.576" errors="0" timestamp="2025-02-14T19:47:46 IST" skipped="0">
  <testcase classname="bikes.YamahaTest" name="launch" time="6.576"/>
  <system-out>
    <![CDATA[YamahaTest executed]]>
  </system-out>
</testsuite> <!-- bikes.YamahaTest -->
