<?xml version="1.0" encoding="UTF-8"?>
<!-- Generated by org.testng.reporters.JUnitReportReporter -->
<testsuite hostname="Abhijith" failures="0" tests="1" name="demo.Launch" time="2.000" errors="0" timestamp="2025-02-13T19:37:15 IST" skipped="0">
  <testcase classname="demo.Launch" name="demo" time="2.000"/>
  <system-out/>
</testsuite> <!-- demo.Launch -->
