<?xml version="1.0" encoding="UTF-8"?>
<!-- Generated by org.testng.reporters.JUnitReportReporter -->
<testsuite hostname="Abhijith" failures="0" tests="1" name="extentReports.ToAddScreenshotIntoReport" time="5.811" errors="0" timestamp="2025-02-17T19:39:25 IST" skipped="0">
  <testcase classname="extentReports.ToAddScreenshotIntoReport" name="addScreenshot" time="5.811"/>
  <system-out/>
</testsuite> <!-- extentReports.ToAddScreenshotIntoReport -->
