<?xml version="1.0" encoding="UTF-8"?>
<!-- Generated by org.testng.reporters.JUnitReportReporter -->
<testsuite hostname="Abhijith" failures="0" tests="1" name="extentReports.ToLearnExtentReports" time="5.819" errors="0" timestamp="2025-02-19T15:25:34 IST" skipped="0">
  <testcase classname="extentReports.ToLearnExtentReports" name="createReport" time="5.819"/>
  <system-out/>
</testsuite> <!-- extentReports.ToLearnExtentReports -->
